<?xml version="1.0" encoding="UTF-8"?>
<testng-results skipped="1" failed="0" ignored="0" total="1" passed="0">
  <reporter-output>
  </reporter-output>
  <suite name="Default suite" duration-ms="6366" started-at="2019-07-20T05:26:36Z" finished-at="2019-07-20T05:26:42Z">
    <groups>
    </groups>
    <test name="Default test" duration-ms="6366" started-at="2019-07-20T05:26:36Z" finished-at="2019-07-20T05:26:42Z">
      <class name="Discovery.Discovery.NewTest1">
        <test-method status="FAIL" signature="setup()[pri:0, instance:Discovery.Discovery.NewTest1@11d0846]" name="setup" is-config="true" duration-ms="0" started-at="2019-07-20T10:56:36Z" finished-at="2019-07-20T10:56:36Z">
          <exception class="org.openqa.selenium.SessionNotCreatedException">
            <message>
              <![CDATA[session not created
from disconnected: received Inspector.detached event
  (Session info: chrome=75.0.3770.142)
Build info: version: '3.4.0', revision: 'unknown', time: 'unknown'
System info: host: 'PRATEEK-PC', ip: '192.168.0.102', os.name: 'Windows 7', os.arch: 'x86', os.version: '6.1', java.version: '1.8.0_171'
Driver info: driver.version: ChromeDriver
remote stacktrace: Backtrace:
	Ordinal0 [0x00171B43+1448771]
	Ordinal0 [0x000F5A31+940593]
	Ordinal0 [0x00082293+467603]
	Ordinal0 [0x0007AB29+437033]
	Ordinal0 [0x0007A718+435992]
	Ordinal0 [0x0007A491+435345]
	Ordinal0 [0x00079ADC+432860]
	Ordinal0 [0x00079674+431732]
	Ordinal0 [0x00079635+431669]
	Ordinal0 [0x00080AF5+461557]
	Ordinal0 [0x000795EC+431596]
	Ordinal0 [0x0007A145+434501]
	Ordinal0 [0x00079ADC+432860]
	Ordinal0 [0x00079674+431732]
	Ordinal0 [0x00079635+431669]
	Ordinal0 [0x0007F44E+455758]
	Ordinal0 [0x000795EC+431596]
	Ordinal0 [0x0007A145+434501]
	Ordinal0 [0x00079ADC+432860]
	Ordinal0 [0x00079674+431732]
	Ordinal0 [0x00079635+431669]
	Ordinal0 [0x0007DC4B+449611]
	Ordinal0 [0x000795EC+431596]
	Ordinal0 [0x0007A145+434501]
	Ordinal0 [0x00079ADC+432860]
	Ordinal0 [0x00079674+431732]
	Ordinal0 [0x00079635+431669]
	Ordinal0 [0x0007D437+447543]
	Ordinal0 [0x000795EC+431596]
	Ordinal0 [0x0007A145+434501]
	Ordinal0 [0x00079ADC+432860]
	Ordinal0 [0x00079674+431732]
	Ordinal0 [0x00079635+431669]
	Ordinal0 [0x000762CC+418508]
	Ordinal0 [0x000795EC+431596]
	Ordinal0 [0x000794D4+431316]
	Ordinal0 [0x00082EF0+470768]
	Ordinal0 [0x000394BE+169150]
	Ordinal0 [0x000388DD+166109]
	Ordinal0 [0x00036FEB+159723]
	Ordinal0 [0x000209F6+68086]
	Ordinal0 [0x00021990+72080]
	Ordinal0 [0x00021929+71977]
	GetHandleVerifier [0x002B2E8C+1172172]
	GetHandleVerifier [0x0020FE55+504469]
	GetHandleVerifier [0x0020FBF0+503856]
	Ordinal0 [0x0017C9C8+1493448]
	GetHandleVerifier [0x0021062A+506474]
	Ordinal0 [0x00107156+1012054]
	Ordinal0 [0x00106FCF+1011663]
	Ordinal0 [0x0011135B+1053531]
	Ordinal0 [0x001114C3+1053891]
	Ordinal0 [0x001104F5+1049845]
	BaseThreadInitThunk [0x76C3EE1C+18]
	RtlInitializeExceptionChain [0x774037EB+239]
	RtlInitializeExceptionChain [0x774037BE+194]
]]>
            </message>
            <full-stacktrace>
              <![CDATA[org.openqa.selenium.SessionNotCreatedException: session not created
from disconnected: received Inspector.detached event
  (Session info: chrome=75.0.3770.142)
Build info: version: '3.4.0', revision: 'unknown', time: 'unknown'
System info: host: 'PRATEEK-PC', ip: '192.168.0.102', os.name: 'Windows 7', os.arch: 'x86', os.version: '6.1', java.version: '1.8.0_171'
Driver info: driver.version: ChromeDriver
remote stacktrace: Backtrace:
	Ordinal0 [0x00171B43+1448771]
	Ordinal0 [0x000F5A31+940593]
	Ordinal0 [0x00082293+467603]
	Ordinal0 [0x0007AB29+437033]
	Ordinal0 [0x0007A718+435992]
	Ordinal0 [0x0007A491+435345]
	Ordinal0 [0x00079ADC+432860]
	Ordinal0 [0x00079674+431732]
	Ordinal0 [0x00079635+431669]
	Ordinal0 [0x00080AF5+461557]
	Ordinal0 [0x000795EC+431596]
	Ordinal0 [0x0007A145+434501]
	Ordinal0 [0x00079ADC+432860]
	Ordinal0 [0x00079674+431732]
	Ordinal0 [0x00079635+431669]
	Ordinal0 [0x0007F44E+455758]
	Ordinal0 [0x000795EC+431596]
	Ordinal0 [0x0007A145+434501]
	Ordinal0 [0x00079ADC+432860]
	Ordinal0 [0x00079674+431732]
	Ordinal0 [0x00079635+431669]
	Ordinal0 [0x0007DC4B+449611]
	Ordinal0 [0x000795EC+431596]
	Ordinal0 [0x0007A145+434501]
	Ordinal0 [0x00079ADC+432860]
	Ordinal0 [0x00079674+431732]
	Ordinal0 [0x00079635+431669]
	Ordinal0 [0x0007D437+447543]
	Ordinal0 [0x000795EC+431596]
	Ordinal0 [0x0007A145+434501]
	Ordinal0 [0x00079ADC+432860]
	Ordinal0 [0x00079674+431732]
	Ordinal0 [0x00079635+431669]
	Ordinal0 [0x000762CC+418508]
	Ordinal0 [0x000795EC+431596]
	Ordinal0 [0x000794D4+431316]
	Ordinal0 [0x00082EF0+470768]
	Ordinal0 [0x000394BE+169150]
	Ordinal0 [0x000388DD+166109]
	Ordinal0 [0x00036FEB+159723]
	Ordinal0 [0x000209F6+68086]
	Ordinal0 [0x00021990+72080]
	Ordinal0 [0x00021929+71977]
	GetHandleVerifier [0x002B2E8C+1172172]
	GetHandleVerifier [0x0020FE55+504469]
	GetHandleVerifier [0x0020FBF0+503856]
	Ordinal0 [0x0017C9C8+1493448]
	GetHandleVerifier [0x0021062A+506474]
	Ordinal0 [0x00107156+1012054]
	Ordinal0 [0x00106FCF+1011663]
	Ordinal0 [0x0011135B+1053531]
	Ordinal0 [0x001114C3+1053891]
	Ordinal0 [0x001104F5+1049845]
	BaseThreadInitThunk [0x76C3EE1C+18]
	RtlInitializeExceptionChain [0x774037EB+239]
	RtlInitializeExceptionChain [0x774037BE+194]

	at sun.reflect.NativeConstructorAccessorImpl.newInstance0(Native Method)
	at sun.reflect.NativeConstructorAccessorImpl.newInstance(Unknown Source)
	at sun.reflect.DelegatingConstructorAccessorImpl.newInstance(Unknown Source)
	at java.lang.reflect.Constructor.newInstance(Unknown Source)
	at org.openqa.selenium.remote.W3CHandshakeResponse.lambda$new$0(W3CHandshakeResponse.java:57)
	at org.openqa.selenium.remote.W3CHandshakeResponse.lambda$getResponseFunction$2(W3CHandshakeResponse.java:104)
	at org.openqa.selenium.remote.ProtocolHandshake.lambda$createSession$22(ProtocolHandshake.java:365)
	at java.util.stream.ReferencePipeline$3$1.accept(Unknown Source)
	at java.util.Spliterators$ArraySpliterator.tryAdvance(Unknown Source)
	at java.util.stream.ReferencePipeline.forEachWithCancel(Unknown Source)
	at java.util.stream.AbstractPipeline.copyIntoWithCancel(Unknown Source)
	at java.util.stream.AbstractPipeline.copyInto(Unknown Source)
	at java.util.stream.AbstractPipeline.wrapAndCopyInto(Unknown Source)
	at java.util.stream.FindOps$FindOp.evaluateSequential(Unknown Source)
	at java.util.stream.AbstractPipeline.evaluate(Unknown Source)
	at java.util.stream.ReferencePipeline.findFirst(Unknown Source)
	at org.openqa.selenium.remote.ProtocolHandshake.createSession(ProtocolHandshake.java:368)
	at org.openqa.selenium.remote.ProtocolHandshake.createSession(ProtocolHandshake.java:159)
	at org.openqa.selenium.remote.HttpCommandExecutor.execute(HttpCommandExecutor.java:142)
	at org.openqa.selenium.remote.service.DriverCommandExecutor.execute(DriverCommandExecutor.java:82)
	at org.openqa.selenium.remote.RemoteWebDriver.execute(RemoteWebDriver.java:637)
	at org.openqa.selenium.remote.RemoteWebDriver.startSession(RemoteWebDriver.java:250)
	at org.openqa.selenium.remote.RemoteWebDriver.startSession(RemoteWebDriver.java:236)
	at org.openqa.selenium.remote.RemoteWebDriver.<init>(RemoteWebDriver.java:137)
	at org.openqa.selenium.chrome.ChromeDriver.<init>(ChromeDriver.java:184)
	at org.openqa.selenium.chrome.ChromeDriver.<init>(ChromeDriver.java:171)
	at org.openqa.selenium.chrome.ChromeDriver.<init>(ChromeDriver.java:124)
	at com.test.automation.testBase.TestBase.selectBrowser(TestBase.java:58)
	at com.test.automation.testBase.TestBase.init(TestBase.java:47)
	at Discovery.Discovery.NewTest1.setup(NewTest1.java:44)
	at sun.reflect.NativeMethodAccessorImpl.invoke0(Native Method)
	at sun.reflect.NativeMethodAccessorImpl.invoke(Unknown Source)
	at sun.reflect.DelegatingMethodAccessorImpl.invoke(Unknown Source)
	at java.lang.reflect.Method.invoke(Unknown Source)
	at org.testng.internal.MethodInvocationHelper.invokeMethod(MethodInvocationHelper.java:104)
	at org.testng.internal.Invoker.invokeConfigurationMethod(Invoker.java:515)
	at org.testng.internal.Invoker.invokeConfigurations(Invoker.java:217)
	at org.testng.internal.Invoker.invokeConfigurations(Invoker.java:144)
	at org.testng.TestRunner.beforeRun(TestRunner.java:634)
	at org.testng.TestRunner.run(TestRunner.java:602)
	at org.testng.SuiteRunner.runTest(SuiteRunner.java:387)
	at org.testng.SuiteRunner.runSequentially(SuiteRunner.java:382)
	at org.testng.SuiteRunner.privateRun(SuiteRunner.java:340)
	at org.testng.SuiteRunner.run(SuiteRunner.java:289)
	at org.testng.SuiteRunnerWorker.runSuite(SuiteRunnerWorker.java:52)
	at org.testng.SuiteRunnerWorker.run(SuiteRunnerWorker.java:86)
	at org.testng.TestNG.runSuitesSequentially(TestNG.java:1293)
	at org.testng.TestNG.runSuitesLocally(TestNG.java:1218)
	at org.testng.TestNG.runSuites(TestNG.java:1133)
	at org.testng.TestNG.run(TestNG.java:1104)
	at org.testng.remote.AbstractRemoteTestNG.run(AbstractRemoteTestNG.java:114)
	at org.testng.remote.RemoteTestNG.initAndRun(RemoteTestNG.java:251)
	at org.testng.remote.RemoteTestNG.main(RemoteTestNG.java:77)
]]>
            </full-stacktrace>
          </exception> <!-- org.openqa.selenium.SessionNotCreatedException -->
          <reporter-output>
          </reporter-output>
        </test-method> <!-- setup -->
        <test-method status="SKIP" signature="beforeMethod(java.lang.reflect.Method)[pri:0, instance:Discovery.Discovery.NewTest1@11d0846]" name="beforeMethod" is-config="true" duration-ms="0" started-at="2019-07-20T10:56:42Z" finished-at="2019-07-20T10:56:42Z">
          <reporter-output>
          </reporter-output>
        </test-method> <!-- beforeMethod -->
        <test-method status="SKIP" signature="f()[pri:0, instance:Discovery.Discovery.NewTest1@11d0846]" name="f" duration-ms="0" started-at="2019-07-20T10:56:42Z" finished-at="2019-07-20T10:56:42Z">
          <exception class="org.openqa.selenium.SessionNotCreatedException">
            <message>
              <![CDATA[session not created
from disconnected: received Inspector.detached event
  (Session info: chrome=75.0.3770.142)
Build info: version: '3.4.0', revision: 'unknown', time: 'unknown'
System info: host: 'PRATEEK-PC', ip: '192.168.0.102', os.name: 'Windows 7', os.arch: 'x86', os.version: '6.1', java.version: '1.8.0_171'
Driver info: driver.version: ChromeDriver
remote stacktrace: Backtrace:
	Ordinal0 [0x00171B43+1448771]
	Ordinal0 [0x000F5A31+940593]
	Ordinal0 [0x00082293+467603]
	Ordinal0 [0x0007AB29+437033]
	Ordinal0 [0x0007A718+435992]
	Ordinal0 [0x0007A491+435345]
	Ordinal0 [0x00079ADC+432860]
	Ordinal0 [0x00079674+431732]
	Ordinal0 [0x00079635+431669]
	Ordinal0 [0x00080AF5+461557]
	Ordinal0 [0x000795EC+431596]
	Ordinal0 [0x0007A145+434501]
	Ordinal0 [0x00079ADC+432860]
	Ordinal0 [0x00079674+431732]
	Ordinal0 [0x00079635+431669]
	Ordinal0 [0x0007F44E+455758]
	Ordinal0 [0x000795EC+431596]
	Ordinal0 [0x0007A145+434501]
	Ordinal0 [0x00079ADC+432860]
	Ordinal0 [0x00079674+431732]
	Ordinal0 [0x00079635+431669]
	Ordinal0 [0x0007DC4B+449611]
	Ordinal0 [0x000795EC+431596]
	Ordinal0 [0x0007A145+434501]
	Ordinal0 [0x00079ADC+432860]
	Ordinal0 [0x00079674+431732]
	Ordinal0 [0x00079635+431669]
	Ordinal0 [0x0007D437+447543]
	Ordinal0 [0x000795EC+431596]
	Ordinal0 [0x0007A145+434501]
	Ordinal0 [0x00079ADC+432860]
	Ordinal0 [0x00079674+431732]
	Ordinal0 [0x00079635+431669]
	Ordinal0 [0x000762CC+418508]
	Ordinal0 [0x000795EC+431596]
	Ordinal0 [0x000794D4+431316]
	Ordinal0 [0x00082EF0+470768]
	Ordinal0 [0x000394BE+169150]
	Ordinal0 [0x000388DD+166109]
	Ordinal0 [0x00036FEB+159723]
	Ordinal0 [0x000209F6+68086]
	Ordinal0 [0x00021990+72080]
	Ordinal0 [0x00021929+71977]
	GetHandleVerifier [0x002B2E8C+1172172]
	GetHandleVerifier [0x0020FE55+504469]
	GetHandleVerifier [0x0020FBF0+503856]
	Ordinal0 [0x0017C9C8+1493448]
	GetHandleVerifier [0x0021062A+506474]
	Ordinal0 [0x00107156+1012054]
	Ordinal0 [0x00106FCF+1011663]
	Ordinal0 [0x0011135B+1053531]
	Ordinal0 [0x001114C3+1053891]
	Ordinal0 [0x001104F5+1049845]
	BaseThreadInitThunk [0x76C3EE1C+18]
	RtlInitializeExceptionChain [0x774037EB+239]
	RtlInitializeExceptionChain [0x774037BE+194]
]]>
            </message>
            <full-stacktrace>
              <![CDATA[org.openqa.selenium.SessionNotCreatedException: session not created
from disconnected: received Inspector.detached event
  (Session info: chrome=75.0.3770.142)
Build info: version: '3.4.0', revision: 'unknown', time: 'unknown'
System info: host: 'PRATEEK-PC', ip: '192.168.0.102', os.name: 'Windows 7', os.arch: 'x86', os.version: '6.1', java.version: '1.8.0_171'
Driver info: driver.version: ChromeDriver
remote stacktrace: Backtrace:
	Ordinal0 [0x00171B43+1448771]
	Ordinal0 [0x000F5A31+940593]
	Ordinal0 [0x00082293+467603]
	Ordinal0 [0x0007AB29+437033]
	Ordinal0 [0x0007A718+435992]
	Ordinal0 [0x0007A491+435345]
	Ordinal0 [0x00079ADC+432860]
	Ordinal0 [0x00079674+431732]
	Ordinal0 [0x00079635+431669]
	Ordinal0 [0x00080AF5+461557]
	Ordinal0 [0x000795EC+431596]
	Ordinal0 [0x0007A145+434501]
	Ordinal0 [0x00079ADC+432860]
	Ordinal0 [0x00079674+431732]
	Ordinal0 [0x00079635+431669]
	Ordinal0 [0x0007F44E+455758]
	Ordinal0 [0x000795EC+431596]
	Ordinal0 [0x0007A145+434501]
	Ordinal0 [0x00079ADC+432860]
	Ordinal0 [0x00079674+431732]
	Ordinal0 [0x00079635+431669]
	Ordinal0 [0x0007DC4B+449611]
	Ordinal0 [0x000795EC+431596]
	Ordinal0 [0x0007A145+434501]
	Ordinal0 [0x00079ADC+432860]
	Ordinal0 [0x00079674+431732]
	Ordinal0 [0x00079635+431669]
	Ordinal0 [0x0007D437+447543]
	Ordinal0 [0x000795EC+431596]
	Ordinal0 [0x0007A145+434501]
	Ordinal0 [0x00079ADC+432860]
	Ordinal0 [0x00079674+431732]
	Ordinal0 [0x00079635+431669]
	Ordinal0 [0x000762CC+418508]
	Ordinal0 [0x000795EC+431596]
	Ordinal0 [0x000794D4+431316]
	Ordinal0 [0x00082EF0+470768]
	Ordinal0 [0x000394BE+169150]
	Ordinal0 [0x000388DD+166109]
	Ordinal0 [0x00036FEB+159723]
	Ordinal0 [0x000209F6+68086]
	Ordinal0 [0x00021990+72080]
	Ordinal0 [0x00021929+71977]
	GetHandleVerifier [0x002B2E8C+1172172]
	GetHandleVerifier [0x0020FE55+504469]
	GetHandleVerifier [0x0020FBF0+503856]
	Ordinal0 [0x0017C9C8+1493448]
	GetHandleVerifier [0x0021062A+506474]
	Ordinal0 [0x00107156+1012054]
	Ordinal0 [0x00106FCF+1011663]
	Ordinal0 [0x0011135B+1053531]
	Ordinal0 [0x001114C3+1053891]
	Ordinal0 [0x001104F5+1049845]
	BaseThreadInitThunk [0x76C3EE1C+18]
	RtlInitializeExceptionChain [0x774037EB+239]
	RtlInitializeExceptionChain [0x774037BE+194]

	at sun.reflect.NativeConstructorAccessorImpl.newInstance0(Native Method)
	at sun.reflect.NativeConstructorAccessorImpl.newInstance(Unknown Source)
	at sun.reflect.DelegatingConstructorAccessorImpl.newInstance(Unknown Source)
	at java.lang.reflect.Constructor.newInstance(Unknown Source)
	at org.openqa.selenium.remote.W3CHandshakeResponse.lambda$new$0(W3CHandshakeResponse.java:57)
	at org.openqa.selenium.remote.W3CHandshakeResponse.lambda$getResponseFunction$2(W3CHandshakeResponse.java:104)
	at org.openqa.selenium.remote.ProtocolHandshake.lambda$createSession$22(ProtocolHandshake.java:365)
	at java.util.stream.ReferencePipeline$3$1.accept(Unknown Source)
	at java.util.Spliterators$ArraySpliterator.tryAdvance(Unknown Source)
	at java.util.stream.ReferencePipeline.forEachWithCancel(Unknown Source)
	at java.util.stream.AbstractPipeline.copyIntoWithCancel(Unknown Source)
	at java.util.stream.AbstractPipeline.copyInto(Unknown Source)
	at java.util.stream.AbstractPipeline.wrapAndCopyInto(Unknown Source)
	at java.util.stream.FindOps$FindOp.evaluateSequential(Unknown Source)
	at java.util.stream.AbstractPipeline.evaluate(Unknown Source)
	at java.util.stream.ReferencePipeline.findFirst(Unknown Source)
	at org.openqa.selenium.remote.ProtocolHandshake.createSession(ProtocolHandshake.java:368)
	at org.openqa.selenium.remote.ProtocolHandshake.createSession(ProtocolHandshake.java:159)
	at org.openqa.selenium.remote.HttpCommandExecutor.execute(HttpCommandExecutor.java:142)
	at org.openqa.selenium.remote.service.DriverCommandExecutor.execute(DriverCommandExecutor.java:82)
	at org.openqa.selenium.remote.RemoteWebDriver.execute(RemoteWebDriver.java:637)
	at org.openqa.selenium.remote.RemoteWebDriver.startSession(RemoteWebDriver.java:250)
	at org.openqa.selenium.remote.RemoteWebDriver.startSession(RemoteWebDriver.java:236)
	at org.openqa.selenium.remote.RemoteWebDriver.<init>(RemoteWebDriver.java:137)
	at org.openqa.selenium.chrome.ChromeDriver.<init>(ChromeDriver.java:184)
	at org.openqa.selenium.chrome.ChromeDriver.<init>(ChromeDriver.java:171)
	at org.openqa.selenium.chrome.ChromeDriver.<init>(ChromeDriver.java:124)
	at com.test.automation.testBase.TestBase.selectBrowser(TestBase.java:58)
	at com.test.automation.testBase.TestBase.init(TestBase.java:47)
	at Discovery.Discovery.NewTest1.setup(NewTest1.java:44)
	at sun.reflect.NativeMethodAccessorImpl.invoke0(Native Method)
	at sun.reflect.NativeMethodAccessorImpl.invoke(Unknown Source)
	at sun.reflect.DelegatingMethodAccessorImpl.invoke(Unknown Source)
	at java.lang.reflect.Method.invoke(Unknown Source)
	at org.testng.internal.MethodInvocationHelper.invokeMethod(MethodInvocationHelper.java:104)
	at org.testng.internal.Invoker.invokeConfigurationMethod(Invoker.java:515)
	at org.testng.internal.Invoker.invokeConfigurations(Invoker.java:217)
	at org.testng.internal.Invoker.invokeConfigurations(Invoker.java:144)
	at org.testng.TestRunner.beforeRun(TestRunner.java:634)
	at org.testng.TestRunner.run(TestRunner.java:602)
	at org.testng.SuiteRunner.runTest(SuiteRunner.java:387)
	at org.testng.SuiteRunner.runSequentially(SuiteRunner.java:382)
	at org.testng.SuiteRunner.privateRun(SuiteRunner.java:340)
	at org.testng.SuiteRunner.run(SuiteRunner.java:289)
	at org.testng.SuiteRunnerWorker.runSuite(SuiteRunnerWorker.java:52)
	at org.testng.SuiteRunnerWorker.run(SuiteRunnerWorker.java:86)
	at org.testng.TestNG.runSuitesSequentially(TestNG.java:1293)
	at org.testng.TestNG.runSuitesLocally(TestNG.java:1218)
	at org.testng.TestNG.runSuites(TestNG.java:1133)
	at org.testng.TestNG.run(TestNG.java:1104)
	at org.testng.remote.AbstractRemoteTestNG.run(AbstractRemoteTestNG.java:114)
	at org.testng.remote.RemoteTestNG.initAndRun(RemoteTestNG.java:251)
	at org.testng.remote.RemoteTestNG.main(RemoteTestNG.java:77)
]]>
            </full-stacktrace>
          </exception> <!-- org.openqa.selenium.SessionNotCreatedException -->
          <reporter-output>
          </reporter-output>
        </test-method> <!-- f -->
        <test-method status="SKIP" signature="afterMethod(org.testng.ITestResult)[pri:0, instance:Discovery.Discovery.NewTest1@11d0846]" name="afterMethod" is-config="true" duration-ms="0" started-at="2019-07-20T10:56:42Z" finished-at="2019-07-20T10:56:42Z">
          <reporter-output>
          </reporter-output>
        </test-method> <!-- afterMethod -->
        <test-method status="PASS" signature="endtest()[pri:0, instance:Discovery.Discovery.NewTest1@11d0846]" name="endtest" is-config="true" duration-ms="0" started-at="2019-07-20T10:56:42Z" finished-at="2019-07-20T10:56:42Z">
          <reporter-output>
          </reporter-output>
        </test-method> <!-- endtest -->
        <test-method status="SKIP" signature="afterMethod()[pri:0, instance:Discovery.Discovery.NewTest1@11d0846]" name="afterMethod" is-config="true" duration-ms="0" started-at="2019-07-20T10:56:42Z" finished-at="2019-07-20T10:56:42Z">
          <reporter-output>
          </reporter-output>
        </test-method> <!-- afterMethod -->
      </class> <!-- Discovery.Discovery.NewTest1 -->
    </test> <!-- Default test -->
  </suite> <!-- Default suite -->
</testng-results>
