<html>
<head>
<title>TestNG:  Default test</title>
<link href="../testng.css" rel="stylesheet" type="text/css" />
<link href="../my-testng.css" rel="stylesheet" type="text/css" />

<style type="text/css">
.log { display: none;} 
.stack-trace { display: none;} 
</style>
<script type="text/javascript">
<!--
function flip(e) {
  current = e.style.display;
  if (current == 'block') {
    e.style.display = 'none';
    return 0;
  }
  else {
    e.style.display = 'block';
    return 1;
  }
}

function toggleBox(szDivId, elem, msg1, msg2)
{
  var res = -1;  if (document.getElementById) {
    res = flip(document.getElementById(szDivId));
  }
  else if (document.all) {
    // this is the way old msie versions work
    res = flip(document.all[szDivId]);
  }
  if(elem) {
    if(res == 0) elem.innerHTML = msg1; else elem.innerHTML = msg2;
  }

}

function toggleAllBoxes() {
  if (document.getElementsByTagName) {
    d = document.getElementsByTagName('div');
    for (i = 0; i < d.length; i++) {
      if (d[i].className == 'log') {
        flip(d[i]);
      }
    }
  }
}

// -->
</script>

</head>
<body>
<h2 align='center'>Default test</h2><table border='1' align="center">
<tr>
<td>Tests passed/Failed/Skipped:</td><td>0/0/1</td>
</tr><tr>
<td>Started on:</td><td>Sat Jul 20 12:03:48 IST 2019</td>
</tr>
<tr><td>Total time:</td><td>6 seconds (6700 ms)</td>
</tr><tr>
<td>Included groups:</td><td></td>
</tr><tr>
<td>Excluded groups:</td><td></td>
</tr>
</table><p/>
<small><i>(Hover the method name to see the test class name)</i></small><p/>
<table width='100%' border='1' class='invocation-failed'>
<tr><td colspan='4' align='center'><b>FAILED CONFIGURATIONS</b></td></tr>
<tr><td><b>Test method</b></td>
<td width="30%"><b>Exception</b></td>
<td width="10%"><b>Time (seconds)</b></td>
<td><b>Instance</b></td>
</tr>
<tr>
<td title='Discovery.Discovery.FavVideo.setup()'><b>setup</b><br>Test class: Discovery.Discovery.FavVideo</td>
<td><div><pre>org.openqa.selenium.SessionNotCreatedException: session not created
from disconnected: received Inspector.detached event
  (Session info: chrome=75.0.3770.142)
Build info: version: &apos;3.4.0&apos;, revision: &apos;unknown&apos;, time: &apos;unknown&apos;
System info: host: &apos;PRATEEK-PC&apos;, ip: &apos;192.168.0.102&apos;, os.name: &apos;Windows 7&apos;, os.arch: &apos;x86&apos;, os.version: &apos;6.1&apos;, java.version: &apos;1.8.0_171&apos;
Driver info: driver.version: ChromeDriver
remote stacktrace: Backtrace:
	Ordinal0 [0x00171B43+1448771]
	Ordinal0 [0x000F5A31+940593]
	Ordinal0 [0x00082293+467603]
	Ordinal0 [0x0007AB29+437033]
	Ordinal0 [0x0007A718+435992]
	Ordinal0 [0x0007A491+435345]
	Ordinal0 [0x00079ADC+432860]
	Ordinal0 [0x00079674+431732]
	Ordinal0 [0x00079635+431669]
	Ordinal0 [0x0007DC99+449689]
	Ordinal0 [0x000795EC+431596]
	Ordinal0 [0x0007A145+434501]
	Ordinal0 [0x00079ADC+432860]
	Ordinal0 [0x00079674+431732]
	Ordinal0 [0x00079635+431669]
	Ordinal0 [0x0007D437+447543]
	Ordinal0 [0x000795EC+431596]
	Ordinal0 [0x0007A145+434501]
	Ordinal0 [0x00079ADC+432860]
	Ordinal0 [0x00079674+431732]
	Ordinal0 [0x00079635+431669]
	Ordinal0 [0x000762CC+418508]
	Ordinal0 [0x000795EC+431596]
	Ordinal0 [0x000794D4+431316]
	Ordinal0 [0x00082EF0+470768]
	Ordinal0 [0x000394BE+169150]
	Ordinal0 [0x000388DD+166109]
	Ordinal0 [0x00036FEB+159723]
	Ordinal0 [0x000209F6+68086]
	Ordinal0 [0x00021990+72080]
	Ordinal0 [0x00021929+71977]
	GetHandleVerifier [0x002B2E8C+1172172]
	GetHandleVerifier [0x0020FE55+504469]
	GetHandleVerifier [0x0020FBF0+503856]
	Ordinal0 [0x0017C9C8+1493448]
	GetHandleVerifier [0x0021062A+506474]
	Ordinal0 [0x00107156+1012054]
	Ordinal0 [0x00106FCF+1011663]
	Ordinal0 [0x0011135B+1053531]
	Ordinal0 [0x001114C3+1053891]
	Ordinal0 [0x001104F5+1049845]
	BaseThreadInitThunk [0x76C3EE1C+18]
	RtlInitializeExceptionChain [0x774037EB+239]
	RtlInitializeExceptionChain [0x774037BE+194]

	at sun.reflect.NativeConstructorAccessorImpl.newInstance0(Native Method)
	at sun.reflect.NativeConstructorAccessorImpl.newInstance(Unknown Source)
	at sun.reflect.DelegatingConstructorAccessorImpl.newInstance(Unknown Source)
	at java.lang.reflect.Constructor.newInstance(Unknown Source)
	at org.openqa.selenium.remote.W3CHandshakeResponse.lambda$new$0(W3CHandshakeResponse.java:57)
	at org.openqa.selenium.remote.W3CHandshakeResponse.lambda$getResponseFunction$2(W3CHandshakeResponse.java:104)
	at org.openqa.selenium.remote.ProtocolHandshake.lambda$createSession$22(ProtocolHandshake.java:365)
	at java.util.stream.ReferencePipeline$3$1.accept(Unknown Source)
	at java.util.Spliterators$ArraySpliterator.tryAdvance(Unknown Source)
	at java.util.stream.ReferencePipeline.forEachWithCancel(Unknown Source)
	at java.util.stream.AbstractPipeline.copyIntoWithCancel(Unknown Source)
	at java.util.stream.AbstractPipeline.copyInto(Unknown Source)
	at java.util.stream.AbstractPipeline.wrapAndCopyInto(Unknown Source)
	at java.util.stream.FindOps$FindOp.evaluateSequential(Unknown Source)
	at java.util.stream.AbstractPipeline.evaluate(Unknown Source)
	at java.util.stream.ReferencePipeline.findFirst(Unknown Source)
	at org.openqa.selenium.remote.ProtocolHandshake.createSession(ProtocolHandshake.java:368)
	at org.openqa.selenium.remote.ProtocolHandshake.createSession(ProtocolHandshake.java:159)
	at org.openqa.selenium.remote.HttpCommandExecutor.execute(HttpCommandExecutor.java:142)
	at org.openqa.selenium.remote.service.DriverCommandExecutor.execute(DriverCommandExecutor.java:82)
	at org.openqa.selenium.remote.RemoteWebDriver.execute(RemoteWebDriver.java:637)
	at org.openqa.selenium.remote.RemoteWebDriver.startSession(RemoteWebDriver.java:250)
	at org.openqa.selenium.remote.RemoteWebDriver.startSession(RemoteWebDriver.java:236)
	at org.openqa.selenium.remote.RemoteWebDriver.&lt;init&gt;(RemoteWebDriver.java:137)
	at org.openqa.selenium.chrome.ChromeDriver.&lt;init&gt;(ChromeDriver.java:184)
	at org.openqa.selenium.chrome.ChromeDriver.&lt;init&gt;(ChromeDriver.java:171)
	at org.openqa.selenium.chrome.ChromeDriver.&lt;init&gt;(ChromeDriver.java:124)
	at com.test.automation.testBase.TestBase.selectBrowser(TestBase.java:58)
	at com.test.automation.testBase.TestBase.init(TestBase.java:47)
	at Discovery.Discovery.FavVideo.setup(FavVideo.java:44)
	at sun.reflect.NativeMethodAccessorImpl.invoke0(Native Method)
	at sun.reflect.NativeMethodAccessorImpl.invoke(Unknown Source)
	at sun.reflect.DelegatingMethodAccessorImpl.invoke(Unknown Source)
	at java.lang.reflect.Method.invoke(Unknown Source)
	at org.testng.internal.MethodInvocationHelper.invokeMethod(MethodInvocationHelper.java:104)
	at org.testng.internal.Invoker.invokeConfigurationMethod(Invoker.java:515)
	at org.testng.internal.Invoker.invokeConfigurations(Invoker.java:217)
	at org.testng.internal.Invoker.invokeConfigurations(Invoker.java:144)
	at org.testng.TestRunner.beforeRun(TestRunner.java:634)
	at org.testng.TestRunner.run(TestRunner.java:602)
	at org.testng.SuiteRunner.runTest(SuiteRunner.java:387)
	at org.testng.SuiteRunner.runSequentially(SuiteRunner.java:382)
	at org.testng.SuiteRunner.privateRun(SuiteRunner.java:340)
	at org.testng.SuiteRunner.run(SuiteRunner.java:289)
	at org.testng.SuiteRunnerWorker.runSuite(SuiteRunnerWorker.java:52)
	at org.testng.SuiteRunnerWorker.run(SuiteRunnerWorker.java:86)
	at org.testng.TestNG.runSuitesSequentially(TestNG.java:1293)
	at org.testng.TestNG.runSuitesLocally(TestNG.java:1218)
	at org.testng.TestNG.runSuites(TestNG.java:1133)
	at org.testng.TestNG.run(TestNG.java:1104)
	at org.testng.remote.AbstractRemoteTestNG.run(AbstractRemoteTestNG.java:114)
	at org.testng.remote.RemoteTestNG.initAndRun(RemoteTestNG.java:251)
	at org.testng.remote.RemoteTestNG.main(RemoteTestNG.java:77)
</pre></div><a href='#' onClick='toggleBox("stack-trace23774314", this, "Click to show all stack frames", "Click to hide stack frames")'>Click to show all stack frames</a>
<div class='stack-trace' id='stack-trace23774314'><pre>org.openqa.selenium.SessionNotCreatedException: session not created
from disconnected: received Inspector.detached event
  (Session info: chrome=75.0.3770.142)
Build info: version: &apos;3.4.0&apos;, revision: &apos;unknown&apos;, time: &apos;unknown&apos;
System info: host: &apos;PRATEEK-PC&apos;, ip: &apos;192.168.0.102&apos;, os.name: &apos;Windows 7&apos;, os.arch: &apos;x86&apos;, os.version: &apos;6.1&apos;, java.version: &apos;1.8.0_171&apos;
Driver info: driver.version: ChromeDriver
remote stacktrace: Backtrace:
	Ordinal0 [0x00171B43+1448771]
	Ordinal0 [0x000F5A31+940593]
	Ordinal0 [0x00082293+467603]
	Ordinal0 [0x0007AB29+437033]
	Ordinal0 [0x0007A718+435992]
	Ordinal0 [0x0007A491+435345]
	Ordinal0 [0x00079ADC+432860]
	Ordinal0 [0x00079674+431732]
	Ordinal0 [0x00079635+431669]
	Ordinal0 [0x0007DC99+449689]
	Ordinal0 [0x000795EC+431596]
	Ordinal0 [0x0007A145+434501]
	Ordinal0 [0x00079ADC+432860]
	Ordinal0 [0x00079674+431732]
	Ordinal0 [0x00079635+431669]
	Ordinal0 [0x0007D437+447543]
	Ordinal0 [0x000795EC+431596]
	Ordinal0 [0x0007A145+434501]
	Ordinal0 [0x00079ADC+432860]
	Ordinal0 [0x00079674+431732]
	Ordinal0 [0x00079635+431669]
	Ordinal0 [0x000762CC+418508]
	Ordinal0 [0x000795EC+431596]
	Ordinal0 [0x000794D4+431316]
	Ordinal0 [0x00082EF0+470768]
	Ordinal0 [0x000394BE+169150]
	Ordinal0 [0x000388DD+166109]
	Ordinal0 [0x00036FEB+159723]
	Ordinal0 [0x000209F6+68086]
	Ordinal0 [0x00021990+72080]
	Ordinal0 [0x00021929+71977]
	GetHandleVerifier [0x002B2E8C+1172172]
	GetHandleVerifier [0x0020FE55+504469]
	GetHandleVerifier [0x0020FBF0+503856]
	Ordinal0 [0x0017C9C8+1493448]
	GetHandleVerifier [0x0021062A+506474]
	Ordinal0 [0x00107156+1012054]
	Ordinal0 [0x00106FCF+1011663]
	Ordinal0 [0x0011135B+1053531]
	Ordinal0 [0x001114C3+1053891]
	Ordinal0 [0x001104F5+1049845]
	BaseThreadInitThunk [0x76C3EE1C+18]
	RtlInitializeExceptionChain [0x774037EB+239]
	RtlInitializeExceptionChain [0x774037BE+194]

	at sun.reflect.NativeConstructorAccessorImpl.newInstance0(Native Method)
	at sun.reflect.NativeConstructorAccessorImpl.newInstance(Unknown Source)
	at sun.reflect.DelegatingConstructorAccessorImpl.newInstance(Unknown Source)
	at java.lang.reflect.Constructor.newInstance(Unknown Source)
	at org.openqa.selenium.remote.W3CHandshakeResponse.lambda$new$0(W3CHandshakeResponse.java:57)
	at org.openqa.selenium.remote.W3CHandshakeResponse.lambda$getResponseFunction$2(W3CHandshakeResponse.java:104)
	at org.openqa.selenium.remote.ProtocolHandshake.lambda$createSession$22(ProtocolHandshake.java:365)
	at java.util.stream.ReferencePipeline$3$1.accept(Unknown Source)
	at java.util.Spliterators$ArraySpliterator.tryAdvance(Unknown Source)
	at java.util.stream.ReferencePipeline.forEachWithCancel(Unknown Source)
	at java.util.stream.AbstractPipeline.copyIntoWithCancel(Unknown Source)
	at java.util.stream.AbstractPipeline.copyInto(Unknown Source)
	at java.util.stream.AbstractPipeline.wrapAndCopyInto(Unknown Source)
	at java.util.stream.FindOps$FindOp.evaluateSequential(Unknown Source)
	at java.util.stream.AbstractPipeline.evaluate(Unknown Source)
	at java.util.stream.ReferencePipeline.findFirst(Unknown Source)
	at org.openqa.selenium.remote.ProtocolHandshake.createSession(ProtocolHandshake.java:368)
	at org.openqa.selenium.remote.ProtocolHandshake.createSession(ProtocolHandshake.java:159)
	at org.openqa.selenium.remote.HttpCommandExecutor.execute(HttpCommandExecutor.java:142)
	at org.openqa.selenium.remote.service.DriverCommandExecutor.execute(DriverCommandExecutor.java:82)
	at org.openqa.selenium.remote.RemoteWebDriver.execute(RemoteWebDriver.java:637)
	at org.openqa.selenium.remote.RemoteWebDriver.startSession(RemoteWebDriver.java:250)
	at org.openqa.selenium.remote.RemoteWebDriver.startSession(RemoteWebDriver.java:236)
	at org.openqa.selenium.remote.RemoteWebDriver.&lt;init&gt;(RemoteWebDriver.java:137)
	at org.openqa.selenium.chrome.ChromeDriver.&lt;init&gt;(ChromeDriver.java:184)
	at org.openqa.selenium.chrome.ChromeDriver.&lt;init&gt;(ChromeDriver.java:171)
	at org.openqa.selenium.chrome.ChromeDriver.&lt;init&gt;(ChromeDriver.java:124)
	at com.test.automation.testBase.TestBase.selectBrowser(TestBase.java:58)
	at com.test.automation.testBase.TestBase.init(TestBase.java:47)
	at Discovery.Discovery.FavVideo.setup(FavVideo.java:44)
	at sun.reflect.NativeMethodAccessorImpl.invoke0(Native Method)
	at sun.reflect.NativeMethodAccessorImpl.invoke(Unknown Source)
	at sun.reflect.DelegatingMethodAccessorImpl.invoke(Unknown Source)
	at java.lang.reflect.Method.invoke(Unknown Source)
	at org.testng.internal.MethodInvocationHelper.invokeMethod(MethodInvocationHelper.java:104)
	at org.testng.internal.Invoker.invokeConfigurationMethod(Invoker.java:515)
	at org.testng.internal.Invoker.invokeConfigurations(Invoker.java:217)
	at org.testng.internal.Invoker.invokeConfigurations(Invoker.java:144)
	at org.testng.TestRunner.beforeRun(TestRunner.java:634)
	at org.testng.TestRunner.run(TestRunner.java:602)
	at org.testng.SuiteRunner.runTest(SuiteRunner.java:387)
	at org.testng.SuiteRunner.runSequentially(SuiteRunner.java:382)
	at org.testng.SuiteRunner.privateRun(SuiteRunner.java:340)
	at org.testng.SuiteRunner.run(SuiteRunner.java:289)
	at org.testng.SuiteRunnerWorker.runSuite(SuiteRunnerWorker.java:52)
	at org.testng.SuiteRunnerWorker.run(SuiteRunnerWorker.java:86)
	at org.testng.TestNG.runSuitesSequentially(TestNG.java:1293)
	at org.testng.TestNG.runSuitesLocally(TestNG.java:1218)
	at org.testng.TestNG.runSuites(TestNG.java:1133)
	at org.testng.TestNG.run(TestNG.java:1104)
	at org.testng.remote.AbstractRemoteTestNG.run(AbstractRemoteTestNG.java:114)
	at org.testng.remote.RemoteTestNG.initAndRun(RemoteTestNG.java:251)
	at org.testng.remote.RemoteTestNG.main(RemoteTestNG.java:77)
</pre></div></td>
<td>0</td>
<td>null</td></tr>
</table><p>
<table width='100%' border='1' class='invocation-skipped'>
<tr><td colspan='4' align='center'><b>SKIPPED CONFIGURATIONS</b></td></tr>
<tr><td><b>Test method</b></td>
<td width="30%"><b>Exception</b></td>
<td width="10%"><b>Time (seconds)</b></td>
<td><b>Instance</b></td>
</tr>
<tr>
<td title='Discovery.Discovery.FavVideo.beforeMethod()'><b>beforeMethod</b><br>Test class: Discovery.Discovery.FavVideo</td>
<td></td>
<td>0</td>
<td>Discovery.Discovery.FavVideo@11d0846</td></tr>
<tr>
<td title='Discovery.Discovery.FavVideo.afterMethod()'><b>afterMethod</b><br>Test class: Discovery.Discovery.FavVideo</td>
<td></td>
<td>0</td>
<td>Discovery.Discovery.FavVideo@11d0846</td></tr>
<tr>
<td title='Discovery.Discovery.FavVideo.afterMethod()'><b>afterMethod</b><br>Test class: Discovery.Discovery.FavVideo</td>
<td></td>
<td>0</td>
<td>Discovery.Discovery.FavVideo@11d0846</td></tr>
</table><p>
<table width='100%' border='1' class='invocation-skipped'>
<tr><td colspan='4' align='center'><b>SKIPPED TESTS</b></td></tr>
<tr><td><b>Test method</b></td>
<td width="30%"><b>Exception</b></td>
<td width="10%"><b>Time (seconds)</b></td>
<td><b>Instance</b></td>
</tr>
<tr>
<td title='Discovery.Discovery.FavVideo.f()'><b>f</b><br>Test class: Discovery.Discovery.FavVideo</td>
<td><div><pre>org.openqa.selenium.SessionNotCreatedException: session not created
from disconnected: received Inspector.detached event
  (Session info: chrome=75.0.3770.142)
Build info: version: &apos;3.4.0&apos;, revision: &apos;unknown&apos;, time: &apos;unknown&apos;
System info: host: &apos;PRATEEK-PC&apos;, ip: &apos;192.168.0.102&apos;, os.name: &apos;Windows 7&apos;, os.arch: &apos;x86&apos;, os.version: &apos;6.1&apos;, java.version: &apos;1.8.0_171&apos;
Driver info: driver.version: ChromeDriver
remote stacktrace: Backtrace:
	Ordinal0 [0x00171B43+1448771]
	Ordinal0 [0x000F5A31+940593]
	Ordinal0 [0x00082293+467603]
	Ordinal0 [0x0007AB29+437033]
	Ordinal0 [0x0007A718+435992]
	Ordinal0 [0x0007A491+435345]
	Ordinal0 [0x00079ADC+432860]
	Ordinal0 [0x00079674+431732]
	Ordinal0 [0x00079635+431669]
	Ordinal0 [0x0007DC99+449689]
	Ordinal0 [0x000795EC+431596]
	Ordinal0 [0x0007A145+434501]
	Ordinal0 [0x00079ADC+432860]
	Ordinal0 [0x00079674+431732]
	Ordinal0 [0x00079635+431669]
	Ordinal0 [0x0007D437+447543]
	Ordinal0 [0x000795EC+431596]
	Ordinal0 [0x0007A145+434501]
	Ordinal0 [0x00079ADC+432860]
	Ordinal0 [0x00079674+431732]
	Ordinal0 [0x00079635+431669]
	Ordinal0 [0x000762CC+418508]
	Ordinal0 [0x000795EC+431596]
	Ordinal0 [0x000794D4+431316]
	Ordinal0 [0x00082EF0+470768]
	Ordinal0 [0x000394BE+169150]
	Ordinal0 [0x000388DD+166109]
	Ordinal0 [0x00036FEB+159723]
	Ordinal0 [0x000209F6+68086]
	Ordinal0 [0x00021990+72080]
	Ordinal0 [0x00021929+71977]
	GetHandleVerifier [0x002B2E8C+1172172]
	GetHandleVerifier [0x0020FE55+504469]
	GetHandleVerifier [0x0020FBF0+503856]
	Ordinal0 [0x0017C9C8+1493448]
	GetHandleVerifier [0x0021062A+506474]
	Ordinal0 [0x00107156+1012054]
	Ordinal0 [0x00106FCF+1011663]
	Ordinal0 [0x0011135B+1053531]
	Ordinal0 [0x001114C3+1053891]
	Ordinal0 [0x001104F5+1049845]
	BaseThreadInitThunk [0x76C3EE1C+18]
	RtlInitializeExceptionChain [0x774037EB+239]
	RtlInitializeExceptionChain [0x774037BE+194]

	at sun.reflect.NativeConstructorAccessorImpl.newInstance0(Native Method)
	at sun.reflect.NativeConstructorAccessorImpl.newInstance(Unknown Source)
	at sun.reflect.DelegatingConstructorAccessorImpl.newInstance(Unknown Source)
	at java.lang.reflect.Constructor.newInstance(Unknown Source)
	at org.openqa.selenium.remote.W3CHandshakeResponse.lambda$new$0(W3CHandshakeResponse.java:57)
	at org.openqa.selenium.remote.W3CHandshakeResponse.lambda$getResponseFunction$2(W3CHandshakeResponse.java:104)
	at org.openqa.selenium.remote.ProtocolHandshake.lambda$createSession$22(ProtocolHandshake.java:365)
	at java.util.stream.ReferencePipeline$3$1.accept(Unknown Source)
	at java.util.Spliterators$ArraySpliterator.tryAdvance(Unknown Source)
	at java.util.stream.ReferencePipeline.forEachWithCancel(Unknown Source)
	at java.util.stream.AbstractPipeline.copyIntoWithCancel(Unknown Source)
	at java.util.stream.AbstractPipeline.copyInto(Unknown Source)
	at java.util.stream.AbstractPipeline.wrapAndCopyInto(Unknown Source)
	at java.util.stream.FindOps$FindOp.evaluateSequential(Unknown Source)
	at java.util.stream.AbstractPipeline.evaluate(Unknown Source)
	at java.util.stream.ReferencePipeline.findFirst(Unknown Source)
	at org.openqa.selenium.remote.ProtocolHandshake.createSession(ProtocolHandshake.java:368)
	at org.openqa.selenium.remote.ProtocolHandshake.createSession(ProtocolHandshake.java:159)
	at org.openqa.selenium.remote.HttpCommandExecutor.execute(HttpCommandExecutor.java:142)
	at org.openqa.selenium.remote.service.DriverCommandExecutor.execute(DriverCommandExecutor.java:82)
	at org.openqa.selenium.remote.RemoteWebDriver.execute(RemoteWebDriver.java:637)
	at org.openqa.selenium.remote.RemoteWebDriver.startSession(RemoteWebDriver.java:250)
	at org.openqa.selenium.remote.RemoteWebDriver.startSession(RemoteWebDriver.java:236)
	at org.openqa.selenium.remote.RemoteWebDriver.&lt;init&gt;(RemoteWebDriver.java:137)
	at org.openqa.selenium.chrome.ChromeDriver.&lt;init&gt;(ChromeDriver.java:184)
	at org.openqa.selenium.chrome.ChromeDriver.&lt;init&gt;(ChromeDriver.java:171)
	at org.openqa.selenium.chrome.ChromeDriver.&lt;init&gt;(ChromeDriver.java:124)
	at com.test.automation.testBase.TestBase.selectBrowser(TestBase.java:58)
	at com.test.automation.testBase.TestBase.init(TestBase.java:47)
	at Discovery.Discovery.FavVideo.setup(FavVideo.java:44)
	at sun.reflect.NativeMethodAccessorImpl.invoke0(Native Method)
	at sun.reflect.NativeMethodAccessorImpl.invoke(Unknown Source)
	at sun.reflect.DelegatingMethodAccessorImpl.invoke(Unknown Source)
	at java.lang.reflect.Method.invoke(Unknown Source)
	at org.testng.internal.MethodInvocationHelper.invokeMethod(MethodInvocationHelper.java:104)
	at org.testng.internal.Invoker.invokeConfigurationMethod(Invoker.java:515)
	at org.testng.internal.Invoker.invokeConfigurations(Invoker.java:217)
	at org.testng.internal.Invoker.invokeConfigurations(Invoker.java:144)
	at org.testng.TestRunner.beforeRun(TestRunner.java:634)
	at org.testng.TestRunner.run(TestRunner.java:602)
	at org.testng.SuiteRunner.runTest(SuiteRunner.java:387)
	at org.testng.SuiteRunner.runSequentially(SuiteRunner.java:382)
	at org.testng.SuiteRunner.privateRun(SuiteRunner.java:340)
	at org.testng.SuiteRunner.run(SuiteRunner.java:289)
	at org.testng.SuiteRunnerWorker.runSuite(SuiteRunnerWorker.java:52)
	at org.testng.SuiteRunnerWorker.run(SuiteRunnerWorker.java:86)
	at org.testng.TestNG.runSuitesSequentially(TestNG.java:1293)
	at org.testng.TestNG.runSuitesLocally(TestNG.java:1218)
	at org.testng.TestNG.runSuites(TestNG.java:1133)
	at org.testng.TestNG.run(TestNG.java:1104)
	at org.testng.remote.AbstractRemoteTestNG.run(AbstractRemoteTestNG.java:114)
	at org.testng.remote.RemoteTestNG.initAndRun(RemoteTestNG.java:251)
	at org.testng.remote.RemoteTestNG.main(RemoteTestNG.java:77)
</pre></div><a href='#' onClick='toggleBox("stack-trace26709264", this, "Click to show all stack frames", "Click to hide stack frames")'>Click to show all stack frames</a>
<div class='stack-trace' id='stack-trace26709264'><pre>org.openqa.selenium.SessionNotCreatedException: session not created
from disconnected: received Inspector.detached event
  (Session info: chrome=75.0.3770.142)
Build info: version: &apos;3.4.0&apos;, revision: &apos;unknown&apos;, time: &apos;unknown&apos;
System info: host: &apos;PRATEEK-PC&apos;, ip: &apos;192.168.0.102&apos;, os.name: &apos;Windows 7&apos;, os.arch: &apos;x86&apos;, os.version: &apos;6.1&apos;, java.version: &apos;1.8.0_171&apos;
Driver info: driver.version: ChromeDriver
remote stacktrace: Backtrace:
	Ordinal0 [0x00171B43+1448771]
	Ordinal0 [0x000F5A31+940593]
	Ordinal0 [0x00082293+467603]
	Ordinal0 [0x0007AB29+437033]
	Ordinal0 [0x0007A718+435992]
	Ordinal0 [0x0007A491+435345]
	Ordinal0 [0x00079ADC+432860]
	Ordinal0 [0x00079674+431732]
	Ordinal0 [0x00079635+431669]
	Ordinal0 [0x0007DC99+449689]
	Ordinal0 [0x000795EC+431596]
	Ordinal0 [0x0007A145+434501]
	Ordinal0 [0x00079ADC+432860]
	Ordinal0 [0x00079674+431732]
	Ordinal0 [0x00079635+431669]
	Ordinal0 [0x0007D437+447543]
	Ordinal0 [0x000795EC+431596]
	Ordinal0 [0x0007A145+434501]
	Ordinal0 [0x00079ADC+432860]
	Ordinal0 [0x00079674+431732]
	Ordinal0 [0x00079635+431669]
	Ordinal0 [0x000762CC+418508]
	Ordinal0 [0x000795EC+431596]
	Ordinal0 [0x000794D4+431316]
	Ordinal0 [0x00082EF0+470768]
	Ordinal0 [0x000394BE+169150]
	Ordinal0 [0x000388DD+166109]
	Ordinal0 [0x00036FEB+159723]
	Ordinal0 [0x000209F6+68086]
	Ordinal0 [0x00021990+72080]
	Ordinal0 [0x00021929+71977]
	GetHandleVerifier [0x002B2E8C+1172172]
	GetHandleVerifier [0x0020FE55+504469]
	GetHandleVerifier [0x0020FBF0+503856]
	Ordinal0 [0x0017C9C8+1493448]
	GetHandleVerifier [0x0021062A+506474]
	Ordinal0 [0x00107156+1012054]
	Ordinal0 [0x00106FCF+1011663]
	Ordinal0 [0x0011135B+1053531]
	Ordinal0 [0x001114C3+1053891]
	Ordinal0 [0x001104F5+1049845]
	BaseThreadInitThunk [0x76C3EE1C+18]
	RtlInitializeExceptionChain [0x774037EB+239]
	RtlInitializeExceptionChain [0x774037BE+194]

	at sun.reflect.NativeConstructorAccessorImpl.newInstance0(Native Method)
	at sun.reflect.NativeConstructorAccessorImpl.newInstance(Unknown Source)
	at sun.reflect.DelegatingConstructorAccessorImpl.newInstance(Unknown Source)
	at java.lang.reflect.Constructor.newInstance(Unknown Source)
	at org.openqa.selenium.remote.W3CHandshakeResponse.lambda$new$0(W3CHandshakeResponse.java:57)
	at org.openqa.selenium.remote.W3CHandshakeResponse.lambda$getResponseFunction$2(W3CHandshakeResponse.java:104)
	at org.openqa.selenium.remote.ProtocolHandshake.lambda$createSession$22(ProtocolHandshake.java:365)
	at java.util.stream.ReferencePipeline$3$1.accept(Unknown Source)
	at java.util.Spliterators$ArraySpliterator.tryAdvance(Unknown Source)
	at java.util.stream.ReferencePipeline.forEachWithCancel(Unknown Source)
	at java.util.stream.AbstractPipeline.copyIntoWithCancel(Unknown Source)
	at java.util.stream.AbstractPipeline.copyInto(Unknown Source)
	at java.util.stream.AbstractPipeline.wrapAndCopyInto(Unknown Source)
	at java.util.stream.FindOps$FindOp.evaluateSequential(Unknown Source)
	at java.util.stream.AbstractPipeline.evaluate(Unknown Source)
	at java.util.stream.ReferencePipeline.findFirst(Unknown Source)
	at org.openqa.selenium.remote.ProtocolHandshake.createSession(ProtocolHandshake.java:368)
	at org.openqa.selenium.remote.ProtocolHandshake.createSession(ProtocolHandshake.java:159)
	at org.openqa.selenium.remote.HttpCommandExecutor.execute(HttpCommandExecutor.java:142)
	at org.openqa.selenium.remote.service.DriverCommandExecutor.execute(DriverCommandExecutor.java:82)
	at org.openqa.selenium.remote.RemoteWebDriver.execute(RemoteWebDriver.java:637)
	at org.openqa.selenium.remote.RemoteWebDriver.startSession(RemoteWebDriver.java:250)
	at org.openqa.selenium.remote.RemoteWebDriver.startSession(RemoteWebDriver.java:236)
	at org.openqa.selenium.remote.RemoteWebDriver.&lt;init&gt;(RemoteWebDriver.java:137)
	at org.openqa.selenium.chrome.ChromeDriver.&lt;init&gt;(ChromeDriver.java:184)
	at org.openqa.selenium.chrome.ChromeDriver.&lt;init&gt;(ChromeDriver.java:171)
	at org.openqa.selenium.chrome.ChromeDriver.&lt;init&gt;(ChromeDriver.java:124)
	at com.test.automation.testBase.TestBase.selectBrowser(TestBase.java:58)
	at com.test.automation.testBase.TestBase.init(TestBase.java:47)
	at Discovery.Discovery.FavVideo.setup(FavVideo.java:44)
	at sun.reflect.NativeMethodAccessorImpl.invoke0(Native Method)
	at sun.reflect.NativeMethodAccessorImpl.invoke(Unknown Source)
	at sun.reflect.DelegatingMethodAccessorImpl.invoke(Unknown Source)
	at java.lang.reflect.Method.invoke(Unknown Source)
	at org.testng.internal.MethodInvocationHelper.invokeMethod(MethodInvocationHelper.java:104)
	at org.testng.internal.Invoker.invokeConfigurationMethod(Invoker.java:515)
	at org.testng.internal.Invoker.invokeConfigurations(Invoker.java:217)
	at org.testng.internal.Invoker.invokeConfigurations(Invoker.java:144)
	at org.testng.TestRunner.beforeRun(TestRunner.java:634)
	at org.testng.TestRunner.run(TestRunner.java:602)
	at org.testng.SuiteRunner.runTest(SuiteRunner.java:387)
	at org.testng.SuiteRunner.runSequentially(SuiteRunner.java:382)
	at org.testng.SuiteRunner.privateRun(SuiteRunner.java:340)
	at org.testng.SuiteRunner.run(SuiteRunner.java:289)
	at org.testng.SuiteRunnerWorker.runSuite(SuiteRunnerWorker.java:52)
	at org.testng.SuiteRunnerWorker.run(SuiteRunnerWorker.java:86)
	at org.testng.TestNG.runSuitesSequentially(TestNG.java:1293)
	at org.testng.TestNG.runSuitesLocally(TestNG.java:1218)
	at org.testng.TestNG.runSuites(TestNG.java:1133)
	at org.testng.TestNG.run(TestNG.java:1104)
	at org.testng.remote.AbstractRemoteTestNG.run(AbstractRemoteTestNG.java:114)
	at org.testng.remote.RemoteTestNG.initAndRun(RemoteTestNG.java:251)
	at org.testng.remote.RemoteTestNG.main(RemoteTestNG.java:77)
</pre></div></td>
<td>0</td>
<td>Discovery.Discovery.FavVideo@11d0846</td></tr>
</table><p>
</body>
</html>